2026-02-04 22:59:11,827 - INFO - Starting model training process.....
2026-02-04 22:59:11,827 - INFO - Loading dataset.....
2026-02-04 22:59:11,829 - INFO - Splitting dataset.....
2026-02-04 22:59:11,830 - INFO - Starting MLflow run.....
2026-02-04 22:59:12,338 - INFO - Training model.....
2026-02-04 22:59:12,397 - INFO - Predicting.....
2026-02-04 22:59:12,400 - INFO - Calculating accuracy.....
2026-02-04 22:59:12,401 - INFO - Logging metrics.....
2026-02-04 22:59:12,411 - INFO - Model accuracy: 0.9
2026-02-04 23:44:48,154 - INFO - Starting model training process.....
2026-02-04 23:44:48,155 - INFO - Loading dataset.....
2026-02-04 23:44:48,157 - INFO - Splitting dataset.....
2026-02-04 23:44:48,157 - INFO - Starting MLflow run.....
2026-02-04 23:44:48,518 - INFO - Training model.....
2026-02-04 23:44:48,558 - INFO - Predicting.....
2026-02-04 23:44:48,560 - INFO - Calculating accuracy.....
2026-02-04 23:44:48,560 - INFO - Logging metrics.....
2026-02-04 23:44:48,566 - INFO - Model accuracy: 0.9666666666666667
2026-02-04 23:47:52,595 - INFO - Starting model training process.....
2026-02-04 23:47:52,595 - INFO - Loading dataset.....
2026-02-04 23:47:52,597 - INFO - Splitting dataset.....
2026-02-04 23:47:52,597 - INFO - Starting MLflow run.....
2026-02-04 23:47:52,933 - INFO - Training model.....
2026-02-04 23:47:52,973 - INFO - Predicting.....
2026-02-04 23:47:52,975 - INFO - Calculating accuracy.....
2026-02-04 23:47:52,975 - INFO - Logging metrics.....
2026-02-04 23:47:52,982 - INFO - Model accuracy: 0.9333333333333333
2026-02-04 23:47:56,110 - INFO - Starting model training process.....
2026-02-04 23:47:56,111 - INFO - Loading dataset.....
2026-02-04 23:47:56,111 - INFO - Splitting dataset.....
2026-02-04 23:47:56,111 - INFO - Starting MLflow run.....
2026-02-04 23:47:56,450 - INFO - Training model.....
2026-02-04 23:47:56,496 - INFO - Predicting.....
2026-02-04 23:47:56,499 - INFO - Calculating accuracy.....
2026-02-04 23:47:56,499 - INFO - Logging metrics.....
2026-02-04 23:47:56,504 - INFO - Model accuracy: 0.9666666666666667
2026-02-04 23:47:58,878 - INFO - Starting model training process.....
2026-02-04 23:47:58,878 - INFO - Loading dataset.....
2026-02-04 23:47:58,878 - INFO - Splitting dataset.....
2026-02-04 23:47:58,879 - INFO - Starting MLflow run.....
2026-02-04 23:47:59,144 - INFO - Training model.....
2026-02-04 23:47:59,183 - INFO - Predicting.....
2026-02-04 23:47:59,185 - INFO - Calculating accuracy.....
2026-02-04 23:47:59,185 - INFO - Logging metrics.....
2026-02-04 23:47:59,192 - INFO - Model accuracy: 1.0
